Arguments: 
  /home/yudi/.nvm/versions/node/v16.14.0/bin/node /home/yudi/.yarn/bin/yarn.js

PATH: 
  /home/yudi/.yarn/bin:/home/yudi/.vscode-server/bin/3b889b090b5ad5793f524b5d1d39fda662b96a2a/bin/remote-cli:/home/yudi/.local/bin:/home/yudi/.yarn/bin:/home/yudi/.nvm/versions/node/v16.14.0/bin:/usr/local/sbin:/usr/local/bin:/usr/sbin:/usr/bin:/sbin:/bin:/usr/games:/usr/local/games:/usr/lib/wsl/lib:/mnt/c/Windows/system32:/mnt/c/Windows:/mnt/c/Windows/System32/Wbem:/mnt/c/Windows/System32/WindowsPowerShell/v1.0/:/mnt/c/Windows/System32/OpenSSH/:/mnt/c/Program Files (x86)/NVIDIA Corporation/PhysX/Common:/mnt/c/WINDOWS/system32:/mnt/c/WINDOWS:/mnt/c/WINDOWS/System32/Wbem:/mnt/c/WINDOWS/System32/WindowsPowerShell/v1.0/:/mnt/c/WINDOWS/System32/OpenSSH/:/mnt/c/Program Files/NVIDIA Corporation/NVIDIA NvDLISR:/mnt/c/Program Files/dotnet/:/mnt/c/Program Files/Docker/Docker/resources/bin:/mnt/c/ProgramData/DockerDesktop/version-bin:/mnt/c/Users/yudik/AppData/Local/Microsoft/WindowsApps:/mnt/c/Users/yudik/AppData/Local/Programs/Microsoft VS Code/bin:/snap/bin:/home/yudi/.local/bin:/home/yudi/.bin:/home/yudi/.local/bin:/home/yudi/.local/bin

Yarn version: 
  1.22.18

Node version: 
  16.14.0

Platform: 
  linux x64

Trace: 
  Error [ERR_TLS_CERT_ALTNAME_INVALID]: Hostname/IP does not match certificate's altnames: Host: registry.yarnpkg.com. is not in the cert's altnames: DNS:*.ufpr.br, DNS:ufpr.br
      at new NodeError (node:internal/errors:371:5)
      at Object.checkServerIdentity (node:tls:346:12)
      at TLSSocket.onConnectSecure (node:_tls_wrap:1540:27)
      at TLSSocket.emit (node:events:520:28)
      at TLSSocket._finishInit (node:_tls_wrap:944:8)
      at TLSWrap.ssl.onhandshakedone (node:_tls_wrap:725:12)

npm manifest: 
  {
    "name": "exemplo-ataque-reentrada",
    "author": "Yudi Kubota <yudikubota@gmail.com>",
    "license": "MIT",
    "version": "1.0.0",
    "devDependencies": {
      "@nomicfoundation/hardhat-toolbox": "^1.0.2",
      "hardhat": "^2.10.1",
      "@openzeppelin/contracts": "^4.4.2"
    },
    "scripts": {
      "compile": "hardhat compile --force",
      "test": "hardhat test"
    }
  }

yarn manifest: 
  No manifest

Lockfile: 
  No lockfile
